Since 1.1.8, you do not need to specify --console table anymore. --console is enough
>>> Starting tests !
>>> Files to test : 9
.....
All Metadata Files Passed
....
+------------+-------+-------+--------------+
| Identifier | Words | Nodes | Failed Tests |
+------------+-------+-------+--------------+

>>> End of the test !

+----------------------+--------+
|   HookTestResults    |        |
+----------------------+--------+
|     Total Texts      |   4    |
+----------------------+--------+
|    Passing Texts     |   4    |
+----------------------+--------+
|    Metadata Files    |   5    |
+----------------------+--------+
|   Passing Metadata   |   5    |
+----------------------+--------+
|       Coverage       | 100.0  |
+----------------------+--------+
| Total Citation Units |  695   |
+----------------------+--------+
|     Total Words      | 18,756 |
+----------------------+--------+
|     Words in LAT     | 18,756 |
+----------------------+--------+
{
  "link": "/repo/OpenGreekAndLatin/Latin/5132", 
  "status": "success"
}

